<?xml version="1.0" encoding="UTF-8"?>
<testng-results skipped="0" failed="0" ignored="0" total="1" passed="1">
  <reporter-output>
  </reporter-output>
  <suite name="Default suite" duration-ms="20121" started-at="2020-06-28T20:39:09Z" finished-at="2020-06-28T20:39:29Z">
    <groups>
    </groups>
    <test name="Default test" duration-ms="20121" started-at="2020-06-28T20:39:09Z" finished-at="2020-06-28T20:39:29Z">
      <class name="com.Testcases.FaceBookLoginTestCase">
        <test-method status="PASS" signature="stratUp()[pri:0, instance:com.Testcases.FaceBookLoginTestCase@15ff3e9e]" name="stratUp" is-config="true" duration-ms="6399" started-at="2020-06-28T20:39:09Z" finished-at="2020-06-28T20:39:15Z">
          <reporter-output>
          </reporter-output>
        </test-method> <!-- stratUp -->
        <test-method status="PASS" signature="login()[pri:0, instance:com.Testcases.FaceBookLoginTestCase@15ff3e9e]" name="login" duration-ms="262" started-at="2020-06-28T20:39:15Z" finished-at="2020-06-28T20:39:15Z">
          <reporter-output>
          </reporter-output>
        </test-method> <!-- login -->
        <test-method status="PASS" signature="close()[pri:0, instance:com.Testcases.FaceBookLoginTestCase@15ff3e9e]" name="close" is-config="true" duration-ms="13435" started-at="2020-06-28T20:39:15Z" finished-at="2020-06-28T20:39:29Z">
          <reporter-output>
          </reporter-output>
        </test-method> <!-- close -->
      </class> <!-- com.Testcases.FaceBookLoginTestCase -->
    </test> <!-- Default test -->
  </suite> <!-- Default suite -->
</testng-results>
